<?xml version="1.0" encoding="UTF-8"?>
<!-- Generated by org.testng.reporters.JUnitXMLReporter -->
<testsuite ignored="0" hostname="DESKTOP-FE9I4DB" failures="1" tests="6" name="Test" time="164.915" errors="0" timestamp="2022-05-28T11:20:10 IST">
  <testcase classname="Test_Classes.TC01_Wiki" name="VerifyCountryNameFromWIKI" time="0.293"/>
  <testcase classname="Test_Classes.TC01_Wiki" name="VerifyReleaseDateFromWIKI" time="0.199"/>
  <testcase classname="Test_Classes.TC02_IMDb" name="verifyCountryNameFromIMDb" time="0.771"/>
  <testcase classname="Test_Classes.TC02_IMDb" name="verifyReleaseDateFromIMDb" time="0.705"/>
  <testcase classname="Test_Classes.TC03_Compare_Deatails_of_IMDb_Wiki" name="CompareCountryonWiki_IMDb" time="29.56"/>
  <testcase classname="Test_Classes.TC03_Compare_Deatails_of_IMDb_Wiki" name="CompareReleaseDateonWiki_IMBD" time="33.08">
    <failure type="java.lang.AssertionError" message="The following asserts failed:
	expected [17 December 2021] but found [January 7, 2022 (United States)]">
      <![CDATA[java.lang.AssertionError: The following asserts failed:
expected [17 December 2021] but found [January 7, 2022 (United States)]
at Test_Classes.TC03_Compare_Deatails_of_IMDb_Wiki.CompareReleaseDateonWiki_IMBD(TC03_Compare_Deatails_of_IMDb_Wiki.java:97)
at java.base/java.util.ArrayList.forEach(ArrayList.java:1511)
... Removed 27 stack frames]]>
    </failure>
  </testcase> <!-- CompareReleaseDateonWiki_IMBD -->
</testsuite> <!-- Test -->
